<?xml version="1.0" encoding="UTF-8"?>
<!-- Generated by org.testng.reporters.JUnitXMLReporter -->
<testsuite ignored="4" hostname="DESKTOP-4FDI1PV" failures="0" tests="1" name="PArent" time="15.828" errors="0" timestamp="2022-03-31T16:23:19 EET">
  <testcase classname="parent.parenttask.LoginPageTest" name="loginAsAdmin" time="8.377"/>
  <testcase classname="parent.parenttask.TestBase" name="@BeforeSuite openBrowser" time="0.0">
    <ignored/>
  </testcase> <!-- @BeforeSuite openBrowser -->
  <testcase classname="parent.parenttask.TestBase" name="@BeforeSuite openBrowser" time="0.0">
    <ignored/>
  </testcase> <!-- @BeforeSuite openBrowser -->
  <testcase classname="parent.parenttask.TestBase" name="@BeforeSuite openBrowser" time="0.0">
    <ignored/>
  </testcase> <!-- @BeforeSuite openBrowser -->
  <testcase classname="parent.parenttask.TestBase" name="@BeforeSuite openBrowser" time="0.0">
    <ignored/>
  </testcase> <!-- @BeforeSuite openBrowser -->
</testsuite> <!-- PArent -->
